This file contains any messages produced by compilers while
running configure, to aid debugging if configure makes a mistake.

It was created by pHash configure 0.9.6, which was
generated by GNU Autoconf 2.69.  Invocation command line was

  $ ./configure --prefix=/usr

## --------- ##
## Platform. ##
## --------- ##

hostname = Apollo-Minor
uname -m = x86_64
uname -r = 3.12.5-1-ARCH
uname -s = Linux
uname -v = #1 SMP PREEMPT Thu Dec 12 12:57:31 CET 2013

/usr/bin/uname -p = unknown
/bin/uname -X     = unknown

/bin/arch              = unknown
/usr/bin/arch -k       = unknown
/usr/convex/getsysinfo = unknown
/usr/bin/hostinfo      = unknown
/bin/machine           = unknown
/usr/bin/oslevel       = unknown
/bin/universe          = unknown

PATH: /home/michael/.rvm/gems/ruby-2.0.0-p353/bin
PATH: /home/michael/.rvm/gems/ruby-2.0.0-p353@global/bin
PATH: /home/michael/.rvm/rubies/ruby-2.0.0-p353/bin
PATH: /home/michael/.rvm/bin
PATH: /usr/local/sbin
PATH: /usr/local/bin
PATH: /usr/bin
PATH: /usr/bin/vendor_perl
PATH: /usr/bin/core_perl
PATH: /home/michael/.gem/ruby/1.8/bin
PATH: /home/michael/bin
PATH: /home/michael/.cabal/bin
PATH: /usr/local/bin
PATH: /opt/java/jre/bin
PATH: /home/michael/.rvm/bin


## ----------- ##
## Core tests. ##
## ----------- ##

configure:2616: checking for a BSD-compatible install
configure:2684: result: /usr/bin/install -c
configure:2695: checking whether build environment is sane
configure:2750: result: yes
configure:2901: checking for a thread-safe mkdir -p
configure:2940: result: /usr/bin/mkdir -p
configure:2947: checking for gawk
configure:2963: found /usr/bin/gawk
configure:2974: result: gawk
configure:2985: checking whether make sets $(MAKE)
configure:3007: result: yes
configure:3257: checking for g++
configure:3273: found /usr/bin/g++
configure:3284: result: g++
configure:3311: checking for C++ compiler version
configure:3320: g++ --version >&5
g++ (GCC) 4.8.2 20131219 (prerelease)
Copyright (C) 2013 Free Software Foundation, Inc.
This is free software; see the source for copying conditions.  There is NO
warranty; not even for MERCHANTABILITY or FITNESS FOR A PARTICULAR PURPOSE.

configure:3331: $? = 0
configure:3320: g++ -v >&5
Using built-in specs.
COLLECT_GCC=g++
COLLECT_LTO_WRAPPER=/usr/lib/gcc/x86_64-unknown-linux-gnu/4.8.2/lto-wrapper
Target: x86_64-unknown-linux-gnu
Configured with: /build/gcc-multilib/src/gcc-4.8-20131219/configure --prefix=/usr --libdir=/usr/lib --libexecdir=/usr/lib --mandir=/usr/share/man --infodir=/usr/share/info --with-bugurl=https://bugs.archlinux.org/ --enable-languages=c,c++,ada,fortran,go,lto,objc,obj-c++ --enable-shared --enable-threads=posix --with-system-zlib --enable-__cxa_atexit --disable-libunwind-exceptions --enable-clocale=gnu --disable-libstdcxx-pch --disable-libssp --enable-gnu-unique-object --enable-linker-build-id --enable-cloog-backend=isl --disable-cloog-version-check --enable-lto --enable-plugin --enable-install-libiberty --with-linker-hash-style=gnu --enable-multilib --disable-werror --enable-checking=release
Thread model: posix
gcc version 4.8.2 20131219 (prerelease) (GCC) 
configure:3331: $? = 0
configure:3320: g++ -V >&5
g++: error: unrecognized command line option '-V'
g++: fatal error: no input files
compilation terminated.
configure:3331: $? = 1
configure:3320: g++ -qversion >&5
g++: error: unrecognized command line option '-qversion'
g++: fatal error: no input files
compilation terminated.
configure:3331: $? = 1
configure:3351: checking whether the C++ compiler works
configure:3373: g++    conftest.cpp  >&5
configure:3377: $? = 0
configure:3425: result: yes
configure:3428: checking for C++ compiler default output file name
configure:3430: result: a.out
configure:3436: checking for suffix of executables
configure:3443: g++ -o conftest    conftest.cpp  >&5
configure:3447: $? = 0
configure:3469: result: 
configure:3491: checking whether we are cross compiling
configure:3499: g++ -o conftest    conftest.cpp  >&5
configure:3503: $? = 0
configure:3510: ./conftest
configure:3514: $? = 0
configure:3529: result: no
configure:3534: checking for suffix of object files
configure:3556: g++ -c   conftest.cpp >&5
configure:3560: $? = 0
configure:3581: result: o
configure:3585: checking whether we are using the GNU C++ compiler
configure:3604: g++ -c   conftest.cpp >&5
configure:3604: $? = 0
configure:3613: result: yes
configure:3622: checking whether g++ accepts -g
configure:3642: g++ -c -g  conftest.cpp >&5
configure:3642: $? = 0
configure:3683: result: yes
configure:3717: checking for style of include used by make
configure:3745: result: GNU
configure:3771: checking dependency style of g++
configure:3882: result: gcc3
configure:3945: checking for gcc
configure:3961: found /usr/bin/gcc
configure:3972: result: gcc
configure:4201: checking for C compiler version
configure:4210: gcc --version >&5
gcc (GCC) 4.8.2 20131219 (prerelease)
Copyright (C) 2013 Free Software Foundation, Inc.
This is free software; see the source for copying conditions.  There is NO
warranty; not even for MERCHANTABILITY or FITNESS FOR A PARTICULAR PURPOSE.

configure:4221: $? = 0
configure:4210: gcc -v >&5
Using built-in specs.
COLLECT_GCC=gcc
COLLECT_LTO_WRAPPER=/usr/lib/gcc/x86_64-unknown-linux-gnu/4.8.2/lto-wrapper
Target: x86_64-unknown-linux-gnu
Configured with: /build/gcc-multilib/src/gcc-4.8-20131219/configure --prefix=/usr --libdir=/usr/lib --libexecdir=/usr/lib --mandir=/usr/share/man --infodir=/usr/share/info --with-bugurl=https://bugs.archlinux.org/ --enable-languages=c,c++,ada,fortran,go,lto,objc,obj-c++ --enable-shared --enable-threads=posix --with-system-zlib --enable-__cxa_atexit --disable-libunwind-exceptions --enable-clocale=gnu --disable-libstdcxx-pch --disable-libssp --enable-gnu-unique-object --enable-linker-build-id --enable-cloog-backend=isl --disable-cloog-version-check --enable-lto --enable-plugin --enable-install-libiberty --with-linker-hash-style=gnu --enable-multilib --disable-werror --enable-checking=release
Thread model: posix
gcc version 4.8.2 20131219 (prerelease) (GCC) 
configure:4221: $? = 0
configure:4210: gcc -V >&5
gcc: error: unrecognized command line option '-V'
gcc: fatal error: no input files
compilation terminated.
configure:4221: $? = 1
configure:4210: gcc -qversion >&5
gcc: error: unrecognized command line option '-qversion'
gcc: fatal error: no input files
compilation terminated.
configure:4221: $? = 1
configure:4225: checking whether we are using the GNU C compiler
configure:4244: gcc -c   conftest.c >&5
configure:4244: $? = 0
configure:4253: result: yes
configure:4262: checking whether gcc accepts -g
configure:4282: gcc -c -g  conftest.c >&5
configure:4282: $? = 0
configure:4323: result: yes
configure:4340: checking for gcc option to accept ISO C89
configure:4403: gcc  -c -g -O2  conftest.c >&5
configure:4403: $? = 0
configure:4416: result: none needed
configure:4438: checking dependency style of gcc
configure:4549: result: gcc3
configure:4566: checking for /etc/gentoo-release
configure:4579: result: no
configure:4585: checking for /etc/redhat-release
configure:4598: result: no
configure:4604: checking for /etc/slackware-version
configure:4617: result: no
configure:4623: checking for /etc/debian_version
configure:4636: result: no
configure:4642: checking for /etc/SuSErelease
configure:4655: result: no
configure:4674: checking build system type
configure:4688: result: x86_64-unknown-linux-gnu
configure:4708: checking host system type
configure:4721: result: x86_64-unknown-linux-gnu
configure:4913: checking for the pthreads library -lpthreads
configure:4951: gcc -o conftest -g -O2    conftest.c -lpthreads  >&5
/usr/bin/ld: cannot find -lpthreads
collect2: error: ld returned 1 exit status
configure:4951: $? = 1
configure: failed program was:
| /* confdefs.h */
| #define PACKAGE_NAME "pHash"
| #define PACKAGE_TARNAME "phash"
| #define PACKAGE_VERSION "0.9.6"
| #define PACKAGE_STRING "pHash 0.9.6"
| #define PACKAGE_BUGREPORT "support@phash.org"
| #define PACKAGE_URL ""
| #define PACKAGE "pHash"
| #define VERSION "0.9.6"
| /* end confdefs.h.  */
| #include <pthread.h>
| 	             static void routine(void* a) {a=0;}
| 	             static void* start_routine(void* a) {return a;}
| int
| main ()
| {
| pthread_t th; pthread_attr_t attr;
|                      pthread_join(th, 0);
|                      pthread_attr_init(&attr);
|                      pthread_cleanup_push(routine, 0);
|                      pthread_create(&th,0,start_routine,0);
|                      pthread_cleanup_pop(0);
|   ;
|   return 0;
| }
configure:4960: result: no
configure:4858: checking whether pthreads work without any flags
configure:4951: gcc -o conftest -g -O2    conftest.c   >&5
/tmp/ccneFq37.o: In function `main':
/home/michael/Desktop/phash/pHash-0.9.6/conftest.c:18: undefined reference to `pthread_join'
/home/michael/Desktop/phash/pHash-0.9.6/conftest.c:20: undefined reference to `__pthread_register_cancel'
/home/michael/Desktop/phash/pHash-0.9.6/conftest.c:21: undefined reference to `pthread_create'
/home/michael/Desktop/phash/pHash-0.9.6/conftest.c:22: undefined reference to `__pthread_unregister_cancel'
collect2: error: ld returned 1 exit status
configure:4951: $? = 1
configure: failed program was:
| /* confdefs.h */
| #define PACKAGE_NAME "pHash"
| #define PACKAGE_TARNAME "phash"
| #define PACKAGE_VERSION "0.9.6"
| #define PACKAGE_STRING "pHash 0.9.6"
| #define PACKAGE_BUGREPORT "support@phash.org"
| #define PACKAGE_URL ""
| #define PACKAGE "pHash"
| #define VERSION "0.9.6"
| /* end confdefs.h.  */
| #include <pthread.h>
| 	             static void routine(void* a) {a=0;}
| 	             static void* start_routine(void* a) {return a;}
| int
| main ()
| {
| pthread_t th; pthread_attr_t attr;
|                      pthread_join(th, 0);
|                      pthread_attr_init(&attr);
|                      pthread_cleanup_push(routine, 0);
|                      pthread_create(&th,0,start_routine,0);
|                      pthread_cleanup_pop(0);
|   ;
|   return 0;
| }
configure:4960: result: no
configure:4863: checking whether pthreads work with -Kthread
configure:4951: gcc -o conftest -g -O2 -Kthread   conftest.c   >&5
gcc: error: unrecognized command line option '-Kthread'
configure:4951: $? = 1
configure: failed program was:
| /* confdefs.h */
| #define PACKAGE_NAME "pHash"
| #define PACKAGE_TARNAME "phash"
| #define PACKAGE_VERSION "0.9.6"
| #define PACKAGE_STRING "pHash 0.9.6"
| #define PACKAGE_BUGREPORT "support@phash.org"
| #define PACKAGE_URL ""
| #define PACKAGE "pHash"
| #define VERSION "0.9.6"
| /* end confdefs.h.  */
| #include <pthread.h>
| 	             static void routine(void* a) {a=0;}
| 	             static void* start_routine(void* a) {return a;}
| int
| main ()
| {
| pthread_t th; pthread_attr_t attr;
|                      pthread_join(th, 0);
|                      pthread_attr_init(&attr);
|                      pthread_cleanup_push(routine, 0);
|                      pthread_create(&th,0,start_routine,0);
|                      pthread_cleanup_pop(0);
|   ;
|   return 0;
| }
configure:4960: result: no
configure:4863: checking whether pthreads work with -kthread
configure:4951: gcc -o conftest -g -O2 -kthread   conftest.c   >&5
gcc: error: unrecognized command line option '-kthread'
configure:4951: $? = 1
configure: failed program was:
| /* confdefs.h */
| #define PACKAGE_NAME "pHash"
| #define PACKAGE_TARNAME "phash"
| #define PACKAGE_VERSION "0.9.6"
| #define PACKAGE_STRING "pHash 0.9.6"
| #define PACKAGE_BUGREPORT "support@phash.org"
| #define PACKAGE_URL ""
| #define PACKAGE "pHash"
| #define VERSION "0.9.6"
| /* end confdefs.h.  */
| #include <pthread.h>
| 	             static void routine(void* a) {a=0;}
| 	             static void* start_routine(void* a) {return a;}
| int
| main ()
| {
| pthread_t th; pthread_attr_t attr;
|                      pthread_join(th, 0);
|                      pthread_attr_init(&attr);
|                      pthread_cleanup_push(routine, 0);
|                      pthread_create(&th,0,start_routine,0);
|                      pthread_cleanup_pop(0);
|   ;
|   return 0;
| }
configure:4960: result: no
configure:4913: checking for the pthreads library -llthread
configure:4951: gcc -o conftest -g -O2    conftest.c -llthread  >&5
/usr/bin/ld: cannot find -llthread
collect2: error: ld returned 1 exit status
configure:4951: $? = 1
configure: failed program was:
| /* confdefs.h */
| #define PACKAGE_NAME "pHash"
| #define PACKAGE_TARNAME "phash"
| #define PACKAGE_VERSION "0.9.6"
| #define PACKAGE_STRING "pHash 0.9.6"
| #define PACKAGE_BUGREPORT "support@phash.org"
| #define PACKAGE_URL ""
| #define PACKAGE "pHash"
| #define VERSION "0.9.6"
| /* end confdefs.h.  */
| #include <pthread.h>
| 	             static void routine(void* a) {a=0;}
| 	             static void* start_routine(void* a) {return a;}
| int
| main ()
| {
| pthread_t th; pthread_attr_t attr;
|                      pthread_join(th, 0);
|                      pthread_attr_init(&attr);
|                      pthread_cleanup_push(routine, 0);
|                      pthread_create(&th,0,start_routine,0);
|                      pthread_cleanup_pop(0);
|   ;
|   return 0;
| }
configure:4960: result: no
configure:4863: checking whether pthreads work with -pthread
configure:4951: gcc -o conftest -g -O2 -pthread   conftest.c   >&5
configure:4951: $? = 0
configure:4960: result: yes
configure:4979: checking for joinable pthread attribute
configure:4994: gcc -o conftest -g -O2 -pthread   conftest.c   >&5
configure:4994: $? = 0
configure:5000: result: PTHREAD_CREATE_JOINABLE
configure:5010: checking if more special flags are required for pthreads
configure:5017: result: no
configure:5159: checking how to run the C preprocessor
configure:5190: gcc -E -pthread conftest.c
configure:5190: $? = 0
configure:5204: gcc -E -pthread conftest.c
conftest.c:12:28: fatal error: ac_nonexistent.h: No such file or directory
 #include <ac_nonexistent.h>
                            ^
compilation terminated.
configure:5204: $? = 1
configure: failed program was:
| /* confdefs.h */
| #define PACKAGE_NAME "pHash"
| #define PACKAGE_TARNAME "phash"
| #define PACKAGE_VERSION "0.9.6"
| #define PACKAGE_STRING "pHash 0.9.6"
| #define PACKAGE_BUGREPORT "support@phash.org"
| #define PACKAGE_URL ""
| #define PACKAGE "pHash"
| #define VERSION "0.9.6"
| #define HAVE_PTHREAD 1
| /* end confdefs.h.  */
| #include <ac_nonexistent.h>
configure:5229: result: gcc -E
configure:5249: gcc -E -pthread conftest.c
configure:5249: $? = 0
configure:5263: gcc -E -pthread conftest.c
conftest.c:12:28: fatal error: ac_nonexistent.h: No such file or directory
 #include <ac_nonexistent.h>
                            ^
compilation terminated.
configure:5263: $? = 1
configure: failed program was:
| /* confdefs.h */
| #define PACKAGE_NAME "pHash"
| #define PACKAGE_TARNAME "phash"
| #define PACKAGE_VERSION "0.9.6"
| #define PACKAGE_STRING "pHash 0.9.6"
| #define PACKAGE_BUGREPORT "support@phash.org"
| #define PACKAGE_URL ""
| #define PACKAGE "pHash"
| #define VERSION "0.9.6"
| #define HAVE_PTHREAD 1
| /* end confdefs.h.  */
| #include <ac_nonexistent.h>
configure:5292: checking for grep that handles long lines and -e
configure:5350: result: /usr/bin/grep
configure:5355: checking for egrep
configure:5417: result: /usr/bin/grep -E
configure:5422: checking for ANSI C header files
configure:5442: gcc -c -g -O2 -pthread conftest.c >&5
configure:5442: $? = 0
configure:5515: gcc -o conftest -g -O2 -pthread  conftest.c   >&5
configure:5515: $? = 0
configure:5515: ./conftest
configure:5515: $? = 0
configure:5526: result: yes
configure:5539: checking for sys/types.h
configure:5539: gcc -c -g -O2 -pthread conftest.c >&5
configure:5539: $? = 0
configure:5539: result: yes
configure:5539: checking for sys/stat.h
configure:5539: gcc -c -g -O2 -pthread conftest.c >&5
configure:5539: $? = 0
configure:5539: result: yes
configure:5539: checking for stdlib.h
configure:5539: gcc -c -g -O2 -pthread conftest.c >&5
configure:5539: $? = 0
configure:5539: result: yes
configure:5539: checking for string.h
configure:5539: gcc -c -g -O2 -pthread conftest.c >&5
configure:5539: $? = 0
configure:5539: result: yes
configure:5539: checking for memory.h
configure:5539: gcc -c -g -O2 -pthread conftest.c >&5
configure:5539: $? = 0
configure:5539: result: yes
configure:5539: checking for strings.h
configure:5539: gcc -c -g -O2 -pthread conftest.c >&5
configure:5539: $? = 0
configure:5539: result: yes
configure:5539: checking for inttypes.h
configure:5539: gcc -c -g -O2 -pthread conftest.c >&5
configure:5539: $? = 0
configure:5539: result: yes
configure:5539: checking for stdint.h
configure:5539: gcc -c -g -O2 -pthread conftest.c >&5
configure:5539: $? = 0
configure:5539: result: yes
configure:5539: checking for unistd.h
configure:5539: gcc -c -g -O2 -pthread conftest.c >&5
configure:5539: $? = 0
configure:5539: result: yes
configure:5610: checking whether ln -s works
configure:5614: result: yes
configure:5667: checking how to print strings
configure:5694: result: printf
configure:5715: checking for a sed that does not truncate output
configure:5779: result: /usr/bin/sed
configure:5797: checking for fgrep
configure:5859: result: /usr/bin/grep -F
configure:5894: checking for ld used by gcc
configure:5961: result: /usr/bin/ld
configure:5968: checking if the linker (/usr/bin/ld) is GNU ld
configure:5983: result: yes
configure:5995: checking for BSD- or MS-compatible name lister (nm)
configure:6044: result: /usr/bin/nm -B
configure:6174: checking the name lister (/usr/bin/nm -B) interface
configure:6181: g++ -c  -O2 -ffast-math -O3 -pthread conftest.cpp >&5
configure:6184: /usr/bin/nm -B "conftest.o"
configure:6187: output
0000000000000000 B some_variable
configure:6194: result: BSD nm
configure:6198: checking the maximum length of command line arguments
configure:6328: result: 1572864
configure:6345: checking whether the shell understands some XSI constructs
configure:6355: result: yes
configure:6359: checking whether the shell understands "+="
configure:6365: result: yes
configure:6400: checking how to convert x86_64-unknown-linux-gnu file names to x86_64-unknown-linux-gnu format
configure:6440: result: func_convert_file_noop
configure:6447: checking how to convert x86_64-unknown-linux-gnu file names to toolchain format
configure:6467: result: func_convert_file_noop
configure:6474: checking for /usr/bin/ld option to reload object files
configure:6481: result: -r
configure:6555: checking for objdump
configure:6571: found /usr/bin/objdump
configure:6582: result: objdump
configure:6614: checking how to recognize dependent libraries
configure:6816: result: pass_all
configure:6901: checking for dlltool
configure:6931: result: no
configure:6961: checking how to associate runtime and link libraries
configure:6988: result: printf %s\n
configure:7049: checking for ar
configure:7065: found /usr/bin/ar
configure:7076: result: ar
configure:7113: checking for archiver @FILE support
configure:7130: g++ -c  -O2 -ffast-math -O3 -pthread conftest.cpp >&5
configure:7130: $? = 0
configure:7133: ar cru libconftest.a @conftest.lst >&5
configure:7136: $? = 0
configure:7141: ar cru libconftest.a @conftest.lst >&5
ar: conftest.o: No such file or directory
configure:7144: $? = 1
configure:7156: result: @
configure:7214: checking for strip
configure:7230: found /usr/bin/strip
configure:7241: result: strip
configure:7313: checking for ranlib
configure:7329: found /usr/bin/ranlib
configure:7340: result: ranlib
configure:7442: checking command to parse /usr/bin/nm -B output from gcc object
configure:7562: g++ -c  -O2 -ffast-math -O3 -pthread conftest.cpp >&5
configure:7565: $? = 0
configure:7569: /usr/bin/nm -B conftest.o \| sed -n -e 's/^.*[ ]\([ABCDGIRSTW][ABCDGIRSTW]*\)[ ][ ]*\([_A-Za-z][_A-Za-z0-9]*\)$/\1 \2 \2/p' | sed '/ __gnu_lto/d' \> conftest.nm
configure:7572: $? = 0
configure:7638: g++ -o conftest  -O2 -ffast-math -O3 -pthread  conftest.cpp conftstm.o >&5
configure:7641: $? = 0
configure:7679: result: ok
configure:7716: checking for sysroot
configure:7746: result: no
configure:7823: g++ -c  -O2 -ffast-math -O3 -pthread conftest.cpp >&5
configure:7826: $? = 0
configure:8002: checking for mt
configure:8032: result: no
configure:8052: checking if : is a manifest tool
configure:8058: : '-?'
configure:8066: result: no
configure:8705: checking for dlfcn.h
configure:8705: g++ -c  -O2 -ffast-math -O3 -pthread conftest.cpp >&5
configure:8705: $? = 0
configure:8705: result: yes
configure:8921: checking for objdir
configure:8936: result: .libs
configure:9203: checking if gcc supports -fno-rtti -fno-exceptions
configure:9221: gcc -c -g -O2 -pthread -fno-rtti -fno-exceptions conftest.c >&5
cc1: warning: command line option '-fno-rtti' is valid for C++/ObjC++ but not for C [enabled by default]
configure:9225: $? = 0
configure:9238: result: no
configure:9565: checking for gcc option to produce PIC
configure:9572: result: -fPIC -DPIC
configure:9580: checking if gcc PIC flag -fPIC -DPIC works
configure:9598: gcc -c -g -O2 -pthread -fPIC -DPIC -DPIC conftest.c >&5
configure:9602: $? = 0
configure:9615: result: yes
configure:9644: checking if gcc static flag -static works
configure:9672: result: yes
configure:9687: checking if gcc supports -c -o file.o
configure:9708: gcc -c -g -O2 -pthread -o out/conftest2.o conftest.c >&5
configure:9712: $? = 0
configure:9734: result: yes
configure:9742: checking if gcc supports -c -o file.o
configure:9789: result: yes
configure:9822: checking whether the gcc linker (/usr/bin/ld -m elf_x86_64) supports shared libraries
configure:10975: result: yes
configure:11012: checking whether -lc should be explicitly linked in
configure:11020: gcc -c -g -O2 -pthread conftest.c >&5
configure:11023: $? = 0
configure:11038: gcc -shared  -fPIC -DPIC conftest.o  -v -Wl,-soname -Wl,conftest -o conftest 2\>\&1 \| /usr/bin/grep  -lc  \>/dev/null 2\>\&1
configure:11041: $? = 0
configure:11055: result: no
configure:11215: checking dynamic linker characteristics
configure:11726: gcc -o conftest -g -O2 -pthread  -Wl,-rpath -Wl,/foo conftest.c   >&5
configure:11726: $? = 0
configure:11952: result: GNU/Linux ld.so
configure:12059: checking how to hardcode library paths into programs
configure:12084: result: immediate
configure:12624: checking whether stripping libraries is possible
configure:12629: result: yes
configure:12664: checking if libtool supports shared libraries
configure:12666: result: yes
configure:12669: checking whether to build shared libraries
configure:12690: result: yes
configure:12693: checking whether to build static libraries
configure:12697: result: yes
configure:12720: checking how to run the C++ preprocessor
configure:12747: g++ -E -pthread conftest.cpp
configure:12747: $? = 0
configure:12761: g++ -E -pthread conftest.cpp
conftest.cpp:24:28: fatal error: ac_nonexistent.h: No such file or directory
 #include <ac_nonexistent.h>
                            ^
compilation terminated.
configure:12761: $? = 1
configure: failed program was:
| /* confdefs.h */
| #define PACKAGE_NAME "pHash"
| #define PACKAGE_TARNAME "phash"
| #define PACKAGE_VERSION "0.9.6"
| #define PACKAGE_STRING "pHash 0.9.6"
| #define PACKAGE_BUGREPORT "support@phash.org"
| #define PACKAGE_URL ""
| #define PACKAGE "pHash"
| #define VERSION "0.9.6"
| #define HAVE_PTHREAD 1
| #define STDC_HEADERS 1
| #define HAVE_SYS_TYPES_H 1
| #define HAVE_SYS_STAT_H 1
| #define HAVE_STDLIB_H 1
| #define HAVE_STRING_H 1
| #define HAVE_MEMORY_H 1
| #define HAVE_STRINGS_H 1
| #define HAVE_INTTYPES_H 1
| #define HAVE_STDINT_H 1
| #define HAVE_UNISTD_H 1
| #define HAVE_DLFCN_H 1
| #define LT_OBJDIR ".libs/"
| /* end confdefs.h.  */
| #include <ac_nonexistent.h>
configure:12786: result: g++ -E
configure:12806: g++ -E -pthread conftest.cpp
configure:12806: $? = 0
configure:12820: g++ -E -pthread conftest.cpp
conftest.cpp:24:28: fatal error: ac_nonexistent.h: No such file or directory
 #include <ac_nonexistent.h>
                            ^
compilation terminated.
configure:12820: $? = 1
configure: failed program was:
| /* confdefs.h */
| #define PACKAGE_NAME "pHash"
| #define PACKAGE_TARNAME "phash"
| #define PACKAGE_VERSION "0.9.6"
| #define PACKAGE_STRING "pHash 0.9.6"
| #define PACKAGE_BUGREPORT "support@phash.org"
| #define PACKAGE_URL ""
| #define PACKAGE "pHash"
| #define VERSION "0.9.6"
| #define HAVE_PTHREAD 1
| #define STDC_HEADERS 1
| #define HAVE_SYS_TYPES_H 1
| #define HAVE_SYS_STAT_H 1
| #define HAVE_STDLIB_H 1
| #define HAVE_STRING_H 1
| #define HAVE_MEMORY_H 1
| #define HAVE_STRINGS_H 1
| #define HAVE_INTTYPES_H 1
| #define HAVE_STDINT_H 1
| #define HAVE_UNISTD_H 1
| #define HAVE_DLFCN_H 1
| #define LT_OBJDIR ".libs/"
| /* end confdefs.h.  */
| #include <ac_nonexistent.h>
configure:12989: checking for ld used by g++
configure:13056: result: /usr/bin/ld -m elf_x86_64
configure:13063: checking if the linker (/usr/bin/ld -m elf_x86_64) is GNU ld
configure:13078: result: yes
configure:13133: checking whether the g++ linker (/usr/bin/ld -m elf_x86_64) supports shared libraries
configure:14138: result: yes
configure:14174: g++ -c  -O2 -ffast-math -O3 -pthread conftest.cpp >&5
configure:14177: $? = 0
configure:14697: checking for g++ option to produce PIC
configure:14704: result: -fPIC -DPIC
configure:14712: checking if g++ PIC flag -fPIC -DPIC works
configure:14730: g++ -c  -O2 -ffast-math -O3 -pthread -fPIC -DPIC -DPIC conftest.cpp >&5
configure:14734: $? = 0
configure:14747: result: yes
configure:14770: checking if g++ static flag -static works
configure:14798: result: yes
configure:14810: checking if g++ supports -c -o file.o
configure:14831: g++ -c  -O2 -ffast-math -O3 -pthread -o out/conftest2.o conftest.cpp >&5
configure:14835: $? = 0
configure:14857: result: yes
configure:14862: checking if g++ supports -c -o file.o
configure:14909: result: yes
configure:14939: checking whether the g++ linker (/usr/bin/ld -m elf_x86_64) supports shared libraries
configure:14975: result: yes
configure:15116: checking dynamic linker characteristics
configure:15787: result: GNU/Linux ld.so
configure:15840: checking how to hardcode library paths into programs
configure:15865: result: immediate
configure:15959: checking CImg.h usability
configure:15959: g++ -c  -O2 -ffast-math -O3 -pthread -I/usr/local/include conftest.cpp >&5
conftest.cpp:57:18: fatal error: CImg.h: No such file or directory
 #include <CImg.h>
                  ^
compilation terminated.
configure:15959: $? = 1
configure: failed program was:
| /* confdefs.h */
| #define PACKAGE_NAME "pHash"
| #define PACKAGE_TARNAME "phash"
| #define PACKAGE_VERSION "0.9.6"
| #define PACKAGE_STRING "pHash 0.9.6"
| #define PACKAGE_BUGREPORT "support@phash.org"
| #define PACKAGE_URL ""
| #define PACKAGE "pHash"
| #define VERSION "0.9.6"
| #define HAVE_PTHREAD 1
| #define STDC_HEADERS 1
| #define HAVE_SYS_TYPES_H 1
| #define HAVE_SYS_STAT_H 1
| #define HAVE_STDLIB_H 1
| #define HAVE_STRING_H 1
| #define HAVE_MEMORY_H 1
| #define HAVE_STRINGS_H 1
| #define HAVE_INTTYPES_H 1
| #define HAVE_STDINT_H 1
| #define HAVE_UNISTD_H 1
| #define HAVE_DLFCN_H 1
| #define LT_OBJDIR ".libs/"
| /* end confdefs.h.  */
| #include <stdio.h>
| #ifdef HAVE_SYS_TYPES_H
| # include <sys/types.h>
| #endif
| #ifdef HAVE_SYS_STAT_H
| # include <sys/stat.h>
| #endif
| #ifdef STDC_HEADERS
| # include <stdlib.h>
| # include <stddef.h>
| #else
| # ifdef HAVE_STDLIB_H
| #  include <stdlib.h>
| # endif
| #endif
| #ifdef HAVE_STRING_H
| # if !defined STDC_HEADERS && defined HAVE_MEMORY_H
| #  include <memory.h>
| # endif
| # include <string.h>
| #endif
| #ifdef HAVE_STRINGS_H
| # include <strings.h>
| #endif
| #ifdef HAVE_INTTYPES_H
| # include <inttypes.h>
| #endif
| #ifdef HAVE_STDINT_H
| # include <stdint.h>
| #endif
| #ifdef HAVE_UNISTD_H
| # include <unistd.h>
| #endif
| #include <CImg.h>
configure:15959: result: no
configure:15959: checking CImg.h presence
configure:15959: g++ -E -pthread -I/usr/local/include conftest.cpp
conftest.cpp:24:18: fatal error: CImg.h: No such file or directory
 #include <CImg.h>
                  ^
compilation terminated.
configure:15959: $? = 1
configure: failed program was:
| /* confdefs.h */
| #define PACKAGE_NAME "pHash"
| #define PACKAGE_TARNAME "phash"
| #define PACKAGE_VERSION "0.9.6"
| #define PACKAGE_STRING "pHash 0.9.6"
| #define PACKAGE_BUGREPORT "support@phash.org"
| #define PACKAGE_URL ""
| #define PACKAGE "pHash"
| #define VERSION "0.9.6"
| #define HAVE_PTHREAD 1
| #define STDC_HEADERS 1
| #define HAVE_SYS_TYPES_H 1
| #define HAVE_SYS_STAT_H 1
| #define HAVE_STDLIB_H 1
| #define HAVE_STRING_H 1
| #define HAVE_MEMORY_H 1
| #define HAVE_STRINGS_H 1
| #define HAVE_INTTYPES_H 1
| #define HAVE_STDINT_H 1
| #define HAVE_UNISTD_H 1
| #define HAVE_DLFCN_H 1
| #define LT_OBJDIR ".libs/"
| /* end confdefs.h.  */
| #include <CImg.h>
configure:15959: result: no
configure:15959: checking for CImg.h
configure:15959: result: no
configure:15969: checking whether CImg.h is in the current or src directory.
configure:15973: result: yes
configure:16010: checking whether FFmpeg is present
configure:16012: checking for avcodec_alloc_frame in -lavcodec
configure:16037: g++ -o conftest  -O2 -ffast-math -O3 -pthread -I/usr/local/include  -L/usr/local/lib conftest.cpp -lavcodec    >&5
configure:16037: $? = 0
configure:16046: result: yes
configure:16063: checking for av_log_set_level in -lavutil
configure:16088: g++ -o conftest  -O2 -ffast-math -O3 -pthread -I/usr/local/include  -L/usr/local/lib conftest.cpp -lavutil  -lavcodec   >&5
configure:16088: $? = 0
configure:16097: result: yes
configure:16114: checking for av_read_frame in -lavformat
configure:16139: g++ -o conftest  -O2 -ffast-math -O3 -pthread -I/usr/local/include  -L/usr/local/lib conftest.cpp -lavformat  -lavutil -lavcodec   >&5
configure:16139: $? = 0
configure:16148: result: yes
configure:16165: checking for sws_getContext in -lswscale
configure:16190: g++ -o conftest  -O2 -ffast-math -O3 -pthread -I/usr/local/include  -L/usr/local/lib conftest.cpp -lswscale  -lavformat -lavutil -lavcodec   >&5
configure:16190: $? = 0
configure:16199: result: yes
configure:16276: checking whether sndfile lib is present
configure:16278: checking for sf_readf_float in -lsndfile
configure:16303: g++ -o conftest  -O2 -ffast-math -O3 -pthread -I/usr/local/include  -L/usr/local/lib conftest.cpp -lsndfile  -lswscale -lavformat -lavutil -lavcodec   >&5
configure:16303: $? = 0
configure:16312: result: yes
configure:16333: checking whether samplerate lib is present
configure:16335: checking for src_process in -lsamplerate
configure:16360: g++ -o conftest  -O2 -ffast-math -O3 -pthread -I/usr/local/include  -L/usr/local/lib conftest.cpp -lsamplerate  -lsndfile -lswscale -lavformat -lavutil -lavcodec   >&5
configure:16360: $? = 0
configure:16369: result: yes
configure:16389: checking whether libmpg123 is present
configure:16391: checking for mpg123_init in -lmpg123
configure:16416: g++ -o conftest  -O2 -ffast-math -O3 -pthread -I/usr/local/include  -L/usr/local/lib conftest.cpp -lmpg123  -lsamplerate -lsndfile -lswscale -lavformat -lavutil -lavcodec   >&5
configure:16416: $? = 0
configure:16425: result: yes
configure:16481: checking for png_create_read_struct in -lpng
configure:16506: g++ -o conftest  -O2 -ffast-math -O3 -pthread -I/usr/local/include  -L/usr/local/lib conftest.cpp -lpng  -lmpg123 -lsamplerate -lsndfile -lswscale -lavformat -lavutil -lavcodec   >&5
configure:16506: $? = 0
configure:16515: result: yes
configure:16530: checking for jpeg_read_header in -ljpeg
configure:16555: g++ -o conftest  -O2 -ffast-math -O3 -pthread -I/usr/local/include -Dcimg_use_png  -L/usr/local/lib conftest.cpp -ljpeg  -lmpg123 -lsamplerate -lsndfile -lswscale -lavformat -lavutil -lavcodec   -lpng >&5
configure:16555: $? = 0
configure:16564: result: yes
configure:16581: checking for fftw_plan_dft_r2c_1d in -lfftw3
configure:16606: g++ -o conftest  -O2 -ffast-math -O3 -pthread -I/usr/local/include -Dcimg_use_png -Dcimg_use_jpeg  -L/usr/local/lib conftest.cpp -lfftw3  -lmpg123 -lsamplerate -lsndfile -lswscale -lavformat -lavutil -lavcodec   -lpng -ljpeg >&5
configure:16606: $? = 0
configure:16615: result: yes
configure:16632: checking for size_t
configure:16632: g++ -c  -O2 -ffast-math -O3 -pthread -I/usr/local/include -Dcimg_use_png -Dcimg_use_jpeg -Dcimg_use_fftw3 conftest.cpp >&5
configure:16632: $? = 0
configure:16632: g++ -c  -O2 -ffast-math -O3 -pthread -I/usr/local/include -Dcimg_use_png -Dcimg_use_jpeg -Dcimg_use_fftw3 conftest.cpp >&5
conftest.cpp: In function 'int main()':
conftest.cpp:70:20: error: expected primary-expression before ')' token
 if (sizeof ((size_t)))
                    ^
configure:16632: $? = 1
configure: failed program was:
| /* confdefs.h */
| #define PACKAGE_NAME "pHash"
| #define PACKAGE_TARNAME "phash"
| #define PACKAGE_VERSION "0.9.6"
| #define PACKAGE_STRING "pHash 0.9.6"
| #define PACKAGE_BUGREPORT "support@phash.org"
| #define PACKAGE_URL ""
| #define PACKAGE "pHash"
| #define VERSION "0.9.6"
| #define HAVE_PTHREAD 1
| #define STDC_HEADERS 1
| #define HAVE_SYS_TYPES_H 1
| #define HAVE_SYS_STAT_H 1
| #define HAVE_STDLIB_H 1
| #define HAVE_STRING_H 1
| #define HAVE_MEMORY_H 1
| #define HAVE_STRINGS_H 1
| #define HAVE_INTTYPES_H 1
| #define HAVE_STDINT_H 1
| #define HAVE_UNISTD_H 1
| #define HAVE_DLFCN_H 1
| #define LT_OBJDIR ".libs/"
| #define HAVE_IMAGE_HASH 1
| #define HAVE_LIBAVCODEC 1
| #define HAVE_LIBAVUTIL 1
| #define HAVE_LIBAVFORMAT 1
| #define HAVE_LIBSWSCALE 1
| #define HAVE_VIDEO_HASH 1
| #define HAVE_LIBSNDFILE 1
| #define HAVE_LIBSAMPLERATE 1
| #define HAVE_LIBMPG123 1
| #define HAVE_AUDIO_HASH 1
| /* end confdefs.h.  */
| #include <stdio.h>
| #ifdef HAVE_SYS_TYPES_H
| # include <sys/types.h>
| #endif
| #ifdef HAVE_SYS_STAT_H
| # include <sys/stat.h>
| #endif
| #ifdef STDC_HEADERS
| # include <stdlib.h>
| # include <stddef.h>
| #else
| # ifdef HAVE_STDLIB_H
| #  include <stdlib.h>
| # endif
| #endif
| #ifdef HAVE_STRING_H
| # if !defined STDC_HEADERS && defined HAVE_MEMORY_H
| #  include <memory.h>
| # endif
| # include <string.h>
| #endif
| #ifdef HAVE_STRINGS_H
| # include <strings.h>
| #endif
| #ifdef HAVE_INTTYPES_H
| # include <inttypes.h>
| #endif
| #ifdef HAVE_STDINT_H
| # include <stdint.h>
| #endif
| #ifdef HAVE_UNISTD_H
| # include <unistd.h>
| #endif
| int
| main ()
| {
| if (sizeof ((size_t)))
| 	    return 0;
|   ;
|   return 0;
| }
configure:16632: result: yes
configure:16643: checking for uint32_t
configure:16643: g++ -c  -O2 -ffast-math -O3 -pthread -I/usr/local/include -Dcimg_use_png -Dcimg_use_jpeg -Dcimg_use_fftw3 conftest.cpp >&5
configure:16643: $? = 0
configure:16643: result: yes
configure:16657: checking for uint8_t
configure:16657: g++ -c  -O2 -ffast-math -O3 -pthread -I/usr/local/include -Dcimg_use_png -Dcimg_use_jpeg -Dcimg_use_fftw3 conftest.cpp >&5
configure:16657: $? = 0
configure:16657: result: yes
configure:16671: checking for uint64_t
configure:16671: g++ -c  -O2 -ffast-math -O3 -pthread -I/usr/local/include -Dcimg_use_png -Dcimg_use_jpeg -Dcimg_use_fftw3 conftest.cpp >&5
configure:16671: $? = 0
configure:16671: g++ -c  -O2 -ffast-math -O3 -pthread -I/usr/local/include -Dcimg_use_png -Dcimg_use_jpeg -Dcimg_use_fftw3 conftest.cpp >&5
conftest.cpp: In function 'int main()':
conftest.cpp:70:22: error: expected primary-expression before ')' token
 if (sizeof ((uint64_t)))
                      ^
configure:16671: $? = 1
configure: failed program was:
| /* confdefs.h */
| #define PACKAGE_NAME "pHash"
| #define PACKAGE_TARNAME "phash"
| #define PACKAGE_VERSION "0.9.6"
| #define PACKAGE_STRING "pHash 0.9.6"
| #define PACKAGE_BUGREPORT "support@phash.org"
| #define PACKAGE_URL ""
| #define PACKAGE "pHash"
| #define VERSION "0.9.6"
| #define HAVE_PTHREAD 1
| #define STDC_HEADERS 1
| #define HAVE_SYS_TYPES_H 1
| #define HAVE_SYS_STAT_H 1
| #define HAVE_STDLIB_H 1
| #define HAVE_STRING_H 1
| #define HAVE_MEMORY_H 1
| #define HAVE_STRINGS_H 1
| #define HAVE_INTTYPES_H 1
| #define HAVE_STDINT_H 1
| #define HAVE_UNISTD_H 1
| #define HAVE_DLFCN_H 1
| #define LT_OBJDIR ".libs/"
| #define HAVE_IMAGE_HASH 1
| #define HAVE_LIBAVCODEC 1
| #define HAVE_LIBAVUTIL 1
| #define HAVE_LIBAVFORMAT 1
| #define HAVE_LIBSWSCALE 1
| #define HAVE_VIDEO_HASH 1
| #define HAVE_LIBSNDFILE 1
| #define HAVE_LIBSAMPLERATE 1
| #define HAVE_LIBMPG123 1
| #define HAVE_AUDIO_HASH 1
| /* end confdefs.h.  */
| #include <stdio.h>
| #ifdef HAVE_SYS_TYPES_H
| # include <sys/types.h>
| #endif
| #ifdef HAVE_SYS_STAT_H
| # include <sys/stat.h>
| #endif
| #ifdef STDC_HEADERS
| # include <stdlib.h>
| # include <stddef.h>
| #else
| # ifdef HAVE_STDLIB_H
| #  include <stdlib.h>
| # endif
| #endif
| #ifdef HAVE_STRING_H
| # if !defined STDC_HEADERS && defined HAVE_MEMORY_H
| #  include <memory.h>
| # endif
| # include <string.h>
| #endif
| #ifdef HAVE_STRINGS_H
| # include <strings.h>
| #endif
| #ifdef HAVE_INTTYPES_H
| # include <inttypes.h>
| #endif
| #ifdef HAVE_STDINT_H
| # include <stdint.h>
| #endif
| #ifdef HAVE_UNISTD_H
| # include <unistd.h>
| #endif
| int
| main ()
| {
| if (sizeof ((uint64_t)))
| 	    return 0;
|   ;
|   return 0;
| }
configure:16671: result: yes
configure:16793: checking that generated files are newer than configure
configure:16799: result: done
configure:16846: creating ./config.status

## ---------------------- ##
## Running config.status. ##
## ---------------------- ##

This file was extended by pHash config.status 0.9.6, which was
generated by GNU Autoconf 2.69.  Invocation command line was

  CONFIG_FILES    = 
  CONFIG_HEADERS  = 
  CONFIG_LINKS    = 
  CONFIG_COMMANDS = 
  $ ./config.status 

on Apollo-Minor

config.status:1171: creating Makefile
config.status:1171: creating src/Makefile
config.status:1171: creating examples/Makefile
config.status:1171: creating pHash.pc
config.status:1171: creating bindings/Makefile
config.status:1171: creating bindings/java/Makefile
config.status:1171: creating config.h
config.status:1352: config.h is unchanged
config.status:1171: creating pHash-config.h
config.status:1352: pHash-config.h is unchanged
config.status:1400: executing depfiles commands
config.status:1400: executing libtool commands

## ---------------- ##
## Cache variables. ##
## ---------------- ##

ac_cv_build=x86_64-unknown-linux-gnu
ac_cv_c_compiler_gnu=yes
ac_cv_c_uint32_t=yes
ac_cv_c_uint8_t=yes
ac_cv_cxx_compiler_gnu=yes
ac_cv_env_CCC_set=
ac_cv_env_CCC_value=
ac_cv_env_CC_set=
ac_cv_env_CC_value=
ac_cv_env_CFLAGS_set=
ac_cv_env_CFLAGS_value=
ac_cv_env_CPPFLAGS_set=
ac_cv_env_CPPFLAGS_value=
ac_cv_env_CPP_set=
ac_cv_env_CPP_value=
ac_cv_env_CXXCPP_set=
ac_cv_env_CXXCPP_value=
ac_cv_env_CXXFLAGS_set=
ac_cv_env_CXXFLAGS_value=
ac_cv_env_CXX_set=
ac_cv_env_CXX_value=
ac_cv_env_LDFLAGS_set=
ac_cv_env_LDFLAGS_value=
ac_cv_env_LIBS_set=
ac_cv_env_LIBS_value=
ac_cv_env_build_alias_set=
ac_cv_env_build_alias_value=
ac_cv_env_host_alias_set=
ac_cv_env_host_alias_value=
ac_cv_env_target_alias_set=
ac_cv_env_target_alias_value=
ac_cv_file__etc_SuSErelease=no
ac_cv_file__etc_debian_version=no
ac_cv_file__etc_gentoo_release=no
ac_cv_file__etc_redhat_release=no
ac_cv_file__etc_slackware_version=no
ac_cv_header_CImg_h=no
ac_cv_header_dlfcn_h=yes
ac_cv_header_inttypes_h=yes
ac_cv_header_memory_h=yes
ac_cv_header_stdc=yes
ac_cv_header_stdint_h=yes
ac_cv_header_stdlib_h=yes
ac_cv_header_string_h=yes
ac_cv_header_strings_h=yes
ac_cv_header_sys_stat_h=yes
ac_cv_header_sys_types_h=yes
ac_cv_header_unistd_h=yes
ac_cv_host=x86_64-unknown-linux-gnu
ac_cv_lib_avcodec_avcodec_alloc_frame=yes
ac_cv_lib_avformat_av_read_frame=yes
ac_cv_lib_avutil_av_log_set_level=yes
ac_cv_lib_fftw3_fftw_plan_dft_r2c_1d=yes
ac_cv_lib_jpeg_jpeg_read_header=yes
ac_cv_lib_mpg123_mpg123_init=yes
ac_cv_lib_png_png_create_read_struct=yes
ac_cv_lib_samplerate_src_process=yes
ac_cv_lib_sndfile_sf_readf_float=yes
ac_cv_lib_swscale_sws_getContext=yes
ac_cv_objext=o
ac_cv_path_EGREP='/usr/bin/grep -E'
ac_cv_path_FGREP='/usr/bin/grep -F'
ac_cv_path_GREP=/usr/bin/grep
ac_cv_path_SED=/usr/bin/sed
ac_cv_path_install='/usr/bin/install -c'
ac_cv_path_mkdir=/usr/bin/mkdir
ac_cv_prog_AWK=gawk
ac_cv_prog_CPP='gcc -E'
ac_cv_prog_CXXCPP='g++ -E'
ac_cv_prog_ac_ct_AR=ar
ac_cv_prog_ac_ct_CC=gcc
ac_cv_prog_ac_ct_CXX=g++
ac_cv_prog_ac_ct_OBJDUMP=objdump
ac_cv_prog_ac_ct_RANLIB=ranlib
ac_cv_prog_ac_ct_STRIP=strip
ac_cv_prog_cc_c89=
ac_cv_prog_cc_g=yes
ac_cv_prog_cxx_g=yes
ac_cv_prog_make_make_set=yes
ac_cv_type_size_t=yes
ac_cv_type_uint64_t=yes
am_cv_CC_dependencies_compiler_type=gcc3
am_cv_CXX_dependencies_compiler_type=gcc3
lt_cv_ar_at_file=@
lt_cv_archive_cmds_need_lc=no
lt_cv_deplibs_check_method=pass_all
lt_cv_file_magic_cmd='$MAGIC_CMD'
lt_cv_file_magic_test_file=
lt_cv_ld_reload_flag=-r
lt_cv_nm_interface='BSD nm'
lt_cv_objdir=.libs
lt_cv_path_LD=/usr/bin/ld
lt_cv_path_LDCXX='/usr/bin/ld -m elf_x86_64'
lt_cv_path_NM='/usr/bin/nm -B'
lt_cv_path_mainfest_tool=no
lt_cv_prog_compiler_c_o=yes
lt_cv_prog_compiler_c_o_CXX=yes
lt_cv_prog_compiler_pic='-fPIC -DPIC'
lt_cv_prog_compiler_pic_CXX='-fPIC -DPIC'
lt_cv_prog_compiler_pic_works=yes
lt_cv_prog_compiler_pic_works_CXX=yes
lt_cv_prog_compiler_rtti_exceptions=no
lt_cv_prog_compiler_static_works=yes
lt_cv_prog_compiler_static_works_CXX=yes
lt_cv_prog_gnu_ld=yes
lt_cv_prog_gnu_ldcxx=yes
lt_cv_sharedlib_from_linklib_cmd='printf %s\n'
lt_cv_shlibpath_overrides_runpath=no
lt_cv_sys_global_symbol_pipe='sed -n -e '\''s/^.*[	 ]\([ABCDGIRSTW][ABCDGIRSTW]*\)[	 ][	 ]*\([_A-Za-z][_A-Za-z0-9]*\)$/\1 \2 \2/p'\'' | sed '\''/ __gnu_lto/d'\'''
lt_cv_sys_global_symbol_to_c_name_address='sed -n -e '\''s/^: \([^ ]*\)[ ]*$/  {\"\1\", (void *) 0},/p'\'' -e '\''s/^[ABCDGIRSTW]* \([^ ]*\) \([^ ]*\)$/  {"\2", (void *) \&\2},/p'\'''
lt_cv_sys_global_symbol_to_c_name_address_lib_prefix='sed -n -e '\''s/^: \([^ ]*\)[ ]*$/  {\"\1\", (void *) 0},/p'\'' -e '\''s/^[ABCDGIRSTW]* \([^ ]*\) \(lib[^ ]*\)$/  {"\2", (void *) \&\2},/p'\'' -e '\''s/^[ABCDGIRSTW]* \([^ ]*\) \([^ ]*\)$/  {"lib\2", (void *) \&\2},/p'\'''
lt_cv_sys_global_symbol_to_cdecl='sed -n -e '\''s/^T .* \(.*\)$/extern int \1();/p'\'' -e '\''s/^[ABCDGIRSTW]* .* \(.*\)$/extern char \1;/p'\'''
lt_cv_sys_max_cmd_len=1572864
lt_cv_to_host_file_cmd=func_convert_file_noop
lt_cv_to_tool_file_cmd=func_convert_file_noop

## ----------------- ##
## Output variables. ##
## ----------------- ##

ACLOCAL='${SHELL} /home/michael/Desktop/phash/pHash-0.9.6/missing --run aclocal-1.12'
AMDEPBACKSLASH='\'
AMDEP_FALSE='#'
AMDEP_TRUE=''
AMTAR='$${TAR-tar}'
AR='ar'
AUTOCONF='${SHELL} /home/michael/Desktop/phash/pHash-0.9.6/missing --run autoconf'
AUTOHEADER='${SHELL} /home/michael/Desktop/phash/pHash-0.9.6/missing --run autoheader'
AUTOMAKE='${SHELL} /home/michael/Desktop/phash/pHash-0.9.6/missing --run automake-1.12'
AWK='gawk'
CC='gcc'
CCDEPMODE='depmode=gcc3'
CFLAGS=' -O2 -ffast-math -O3'
CPP='gcc -E'
CPPFLAGS='-pthread -I/usr/local/include -Dcimg_use_png -Dcimg_use_jpeg -Dcimg_use_fftw3'
CXX='g++'
CXXCPP='g++ -E'
CXXDEPMODE='depmode=gcc3'
CXXFLAGS=' -O2 -ffast-math -O3'
CYGPATH_W='echo'
DEFS='-DHAVE_CONFIG_H'
DEPDIR='.deps'
DLLTOOL='false'
DSYMUTIL=''
DUMPBIN=''
ECHO_C=''
ECHO_N='-n'
ECHO_T=''
EGREP='/usr/bin/grep -E'
EXEEXT=''
FGREP='/usr/bin/grep -F'
GREP='/usr/bin/grep'
HAVE_AUDIO_HASH_FALSE='#'
HAVE_AUDIO_HASH_TRUE=''
HAVE_IMAGE_HASH_FALSE='#'
HAVE_IMAGE_HASH_TRUE=''
HAVE_PTHREAD_FALSE='#'
HAVE_PTHREAD_TRUE=''
HAVE_VIDEO_HASH_FALSE='#'
HAVE_VIDEO_HASH_TRUE=''
INSTALL_DATA='${INSTALL} -m 644'
INSTALL_PROGRAM='${INSTALL}'
INSTALL_SCRIPT='${INSTALL}'
INSTALL_STRIP_PROGRAM='$(install_sh) -c -s'
LD='/usr/bin/ld -m elf_x86_64'
LDFLAGS=' -L/usr/local/lib'
LIBOBJS=''
LIBS='-lmpg123 -lsamplerate -lsndfile -lswscale -lavformat -lavutil -lavcodec   -lpng -ljpeg -lfftw3'
LIBTOOL='$(SHELL) $(top_builddir)/libtool'
LIBTOOLS_DEPS=''
LIPO=''
LN_S='ln -s'
LTLIBOBJS=''
MAKEINFO='${SHELL} /home/michael/Desktop/phash/pHash-0.9.6/missing --run makeinfo'
MANIFEST_TOOL=':'
MKDIR_P='/usr/bin/mkdir -p'
NM='/usr/bin/nm -B'
NMEDIT=''
OBJDUMP='objdump'
OBJEXT='o'
OTOOL64=''
OTOOL=''
PACKAGE='pHash'
PACKAGE_BUGREPORT='support@phash.org'
PACKAGE_NAME='pHash'
PACKAGE_STRING='pHash 0.9.6'
PACKAGE_TARNAME='phash'
PACKAGE_URL=''
PACKAGE_VERSION='0.9.6'
PATH_SEPARATOR=':'
PTHREAD_CC='gcc'
PTHREAD_CFLAGS='-pthread'
PTHREAD_LIBS=''
RANLIB='ranlib'
SED='/usr/bin/sed'
SET_MAKE=''
SHELL='/bin/sh'
STRIP='strip'
VERSION='0.9.6'
WITH_JAVA_FALSE=''
WITH_JAVA_TRUE='#'
ac_ct_AR='ar'
ac_ct_CC='gcc'
ac_ct_CXX='g++'
ac_ct_DUMPBIN=''
am__EXEEXT_FALSE=''
am__EXEEXT_TRUE='#'
am__fastdepCC_FALSE='#'
am__fastdepCC_TRUE=''
am__fastdepCXX_FALSE='#'
am__fastdepCXX_TRUE=''
am__include='include'
am__isrc=''
am__leading_dot='.'
am__nodep='_no'
am__quote=''
am__tar='$${TAR-tar} chof - "$$tardir"'
am__untar='$${TAR-tar} xf -'
ax_pthread_config=''
bindir='${exec_prefix}/bin'
build='x86_64-unknown-linux-gnu'
build_alias=''
build_cpu='x86_64'
build_os='linux-gnu'
build_vendor='unknown'
datadir='${datarootdir}'
datarootdir='${prefix}/share'
docdir='${datarootdir}/doc/${PACKAGE_TARNAME}'
dvidir='${docdir}'
exec_prefix='${prefix}'
host='x86_64-unknown-linux-gnu'
host_alias=''
host_cpu='x86_64'
host_os='linux-gnu'
host_vendor='unknown'
htmldir='${docdir}'
includedir='${prefix}/include'
infodir='${datarootdir}/info'
install_sh='${SHELL} /home/michael/Desktop/phash/pHash-0.9.6/install-sh'
libdir='${exec_prefix}/lib'
libexecdir='${exec_prefix}/libexec'
localedir='${datarootdir}/locale'
localstatedir='${prefix}/var'
mandir='${datarootdir}/man'
mkdir_p='$(MKDIR_P)'
oldincludedir='/usr/include'
pdfdir='${docdir}'
prefix='/usr'
program_transform_name='s,x,x,'
psdir='${docdir}'
sbindir='${exec_prefix}/sbin'
sharedstatedir='${prefix}/com'
sysconfdir='${prefix}/etc'
target_alias=''

## ----------- ##
## confdefs.h. ##
## ----------- ##

/* confdefs.h */
#define PACKAGE_NAME "pHash"
#define PACKAGE_TARNAME "phash"
#define PACKAGE_VERSION "0.9.6"
#define PACKAGE_STRING "pHash 0.9.6"
#define PACKAGE_BUGREPORT "support@phash.org"
#define PACKAGE_URL ""
#define PACKAGE "pHash"
#define VERSION "0.9.6"
#define HAVE_PTHREAD 1
#define STDC_HEADERS 1
#define HAVE_SYS_TYPES_H 1
#define HAVE_SYS_STAT_H 1
#define HAVE_STDLIB_H 1
#define HAVE_STRING_H 1
#define HAVE_MEMORY_H 1
#define HAVE_STRINGS_H 1
#define HAVE_INTTYPES_H 1
#define HAVE_STDINT_H 1
#define HAVE_UNISTD_H 1
#define HAVE_DLFCN_H 1
#define LT_OBJDIR ".libs/"
#define HAVE_IMAGE_HASH 1
#define HAVE_LIBAVCODEC 1
#define HAVE_LIBAVUTIL 1
#define HAVE_LIBAVFORMAT 1
#define HAVE_LIBSWSCALE 1
#define HAVE_VIDEO_HASH 1
#define HAVE_LIBSNDFILE 1
#define HAVE_LIBSAMPLERATE 1
#define HAVE_LIBMPG123 1
#define HAVE_AUDIO_HASH 1

configure: exit 0
